Flutter crash report.
Please report a bug at https://github.com/flutter/flutter/issues.

## command

flutter build apk --release

## exception

FileSystemException: FileSystemException: Failed to decode data using encoding 'utf-8', path = 'C:\Users\piku\develop\WaterDelivery\Working\mrwaterprov1\android\local.properties'

```
#0      _File._tryDecode (dart:io/file_impl.dart:704:7)
#1      _File.readAsStringSync (dart:io/file_impl.dart:715:7)
#2      ForwardingFile.readAsStringSync (package:file/src/forwarding/forwarding_file.dart:99:16)
#3      ErrorHandlingFile.readAsStringSync.<anonymous closure> (package:flutter_tools/src/base/error_handling_io.dart:212:22)
#4      _runSync (package:flutter_tools/src/base/error_handling_io.dart:552:14)
#5      ErrorHandlingFile.readAsStringSync (package:flutter_tools/src/base/error_handling_io.dart:211:12)
#6      new SettingsFile.parseFromFile (package:flutter_tools/src/base/utils.dart:187:59)
#7      updateLocalProperties (package:flutter_tools/src/android/gradle_utils.dart:1131:29)
#8      AndroidProject.ensureReadyForPlatformSpecificTooling (package:flutter_tools/src/project.dart:877:12)
#9      FlutterProject.ensureReadyForPlatformSpecificTooling (package:flutter_tools/src/project.dart:403:21)
<asynchronous suspension>
#10     FlutterCommand.regeneratePlatformSpecificToolingIfApplicable (package:flutter_tools/src/runner/flutter_command.dart:1970:5)
<asynchronous suspension>
#11     FlutterCommand.verifyThenRunCommand (package:flutter_tools/src/runner/flutter_command.dart:1926:7)
<asynchronous suspension>
#12     FlutterCommand.run.<anonymous closure> (package:flutter_tools/src/runner/flutter_command.dart:1590:27)
<asynchronous suspension>
#13     AppContext.run.<anonymous closure> (package:flutter_tools/src/base/context.dart:154:19)
<asynchronous suspension>
#14     CommandRunner.runCommand (package:args/command_runner.dart:212:13)
<asynchronous suspension>
#15     FlutterCommandRunner.runCommand.<anonymous closure> (package:flutter_tools/src/runner/flutter_command_runner.dart:496:9)
<asynchronous suspension>
#16     AppContext.run.<anonymous closure> (package:flutter_tools/src/base/context.dart:154:19)
<asynchronous suspension>
#17     FlutterCommandRunner.runCommand (package:flutter_tools/src/runner/flutter_command_runner.dart:431:5)
<asynchronous suspension>
#18     FlutterCommandRunner.run.<anonymous closure> (package:flutter_tools/src/runner/flutter_command_runner.dart:307:33)
<asynchronous suspension>
#19     run.<anonymous closure>.<anonymous closure> (package:flutter_tools/runner.dart:104:11)
<asynchronous suspension>
#20     AppContext.run.<anonymous closure> (package:flutter_tools/src/base/context.dart:154:19)
<asynchronous suspension>
#21     main (package:flutter_tools/executable.dart:103:3)
<asynchronous suspension>
```

## flutter doctor

```
[32m[✓][39m Flutter (Channel stable, 3.41.2, on Microsoft Windows [Version 10.0.26200.8039], locale en-GB) [433ms]
    [32m•[39m Flutter version 3.41.2 on channel stable at C:\flutter
    [32m•[39m Upstream repository https://github.com/flutter/flutter.git
    [32m•[39m Framework revision 90673a4eef (6 weeks ago), 2026-02-18 13:54:59 -0800
    [32m•[39m Engine revision 6c0baaebf7
    [32m•[39m Dart version 3.11.0
    [32m•[39m DevTools version 2.54.1
    [32m•[39m Feature flags: enable-web, enable-linux-desktop, enable-macos-desktop, enable-windows-desktop, enable-android, enable-ios, cli-animations,
      enable-native-assets, omit-legacy-version-file, enable-lldb-debugging, enable-uiscene-migration

[32m[✓][39m Windows Version (11 Pro 64-bit, 25H2, 2009) [1,818ms]

[32m[✓][39m Android toolchain - develop for Android devices (Android SDK version 36.1.0) [5.1s]
    [32m•[39m Android SDK at C:\Users\dibya\AppData\Local\Android\sdk
    [32m•[39m Emulator version 36.3.10.0 (build_id 14472402) (CL:N/A)
    [32m•[39m Platform android-36, build-tools 36.1.0
    [32m•[39m Java binary at: C:\Program Files\Android\Android Studio\jbr\bin\java
      This JDK is specified in your Flutter configuration.
      To change the current JDK, run: `flutter config --jdk-dir="path/to/jdk"`.
    [32m•[39m Java version OpenJDK Runtime Environment (build 21.0.8+-14196175-b1038.72)
    [32m•[39m All Android licenses accepted.

[32m[✓][39m Chrome - develop for the web [16ms]
    [32m•[39m Chrome at C:\Program Files\Google\Chrome\Application\chrome.exe

[31m[✗][39m Visual Studio - develop Windows apps [13ms]
    [31m✗[39m Visual Studio not installed; this is necessary to develop Windows apps.
      Download at https://visualstudio.microsoft.com/downloads/.
      Please install the "Desktop development with C++" workload, including all of its default components

[32m[✓][39m Connected device (3 available) [597ms]
    [32m•[39m Windows (desktop) • windows • windows-x64    • Microsoft Windows [Version 10.0.26200.8039]
    [32m•[39m Chrome (web)      • chrome  • web-javascript • Google Chrome 146.0.7680.165
    [32m•[39m Edge (web)        • edge    • web-javascript • Microsoft Edge 146.0.3856.84

[32m[✓][39m Network resources [883ms]
    [32m•[39m All expected network resources are available.

[33m![39m Doctor found issues in 1 category.
```
