Flutter crash report.
Please report a bug at https://github.com/flutter/flutter/issues.

## command

flutter run -d chrome

## exception

PathAccessException: PathAccessException: Deletion failed, path = 'C:\Users\dibya\AppData\Local\Temp\flutter_tools.8b12c7e3\flutter_tool.e6454163' (OS Error: The process cannot access the file because it is being used by another process, errno = 32)

```
#0      _Directory._deleteSync (dart:io/directory_impl.dart:216:7)
#1      FileSystemEntity.deleteSync (dart:io/file_system_entity.dart:425:7)
#2      ForwardingFileSystemEntity.deleteSync (package:file/src/forwarding/forwarding_file_system_entity.dart:70:16)
#3      ErrorHandlingDirectory.deleteSync.<anonymous closure> (package:flutter_tools/src/base/error_handling_io.dart:451:22)
#4      _runSync (package:flutter_tools/src/base/error_handling_io.dart:552:14)
#5      ErrorHandlingDirectory.deleteSync (package:flutter_tools/src/base/error_handling_io.dart:450:12)
#6      ResidentRunner.preExit (package:flutter_tools/src/resident_runner.dart:1435:25)
#7      ResidentRunner.exit (package:flutter_tools/src/resident_runner.dart:1278:11)
<asynchronous suspension>
#8      TerminalHandler._commonTerminalInputHandler (package:flutter_tools/src/resident_runner.dart:1830:9)
<asynchronous suspension>
#9      TerminalHandler.processTerminalInput (package:flutter_tools/src/resident_runner.dart:1906:7)
<asynchronous suspension>
```

## flutter doctor

```
[32m[✓][39m Flutter (Channel stable, 3.41.2, on Microsoft Windows [Version
    10.0.26200.8037], locale en-GB) [1,642ms]
    [32m•[39m Flutter version 3.41.2 on channel stable at C:\flutter
    [32m•[39m Upstream repository https://github.com/flutter/flutter.git
    [32m•[39m Framework revision 90673a4eef (4 weeks ago), 2026-02-18 13:54:59
      -0800
    [32m•[39m Engine revision 6c0baaebf7
    [32m•[39m Dart version 3.11.0
    [32m•[39m DevTools version 2.54.1
    [32m•[39m Feature flags: enable-web, enable-linux-desktop,
      enable-macos-desktop, enable-windows-desktop, enable-android,
      enable-ios, cli-animations, enable-native-assets,
      omit-legacy-version-file, enable-lldb-debugging,
      enable-uiscene-migration

[32m[✓][39m Windows Version (11 Pro 64-bit, 25H2, 2009) [2.2s]

[32m[✓][39m Android toolchain - develop for Android devices (Android SDK version
    36.1.0) [9.8s]
    [32m•[39m Android SDK at C:\Users\dibya\AppData\Local\Android\sdk
    [32m•[39m Emulator version 36.3.10.0 (build_id 14472402) (CL:N/A)
    [32m•[39m Platform android-36, build-tools 36.1.0
    [32m•[39m Java binary at: C:\Program Files\Android\Android
      Studio\jbr\bin\java
      This JDK is specified in your Flutter configuration.
      To change the current JDK, run: `flutter config
      --jdk-dir="path/to/jdk"`.
    [32m•[39m Java version OpenJDK Runtime Environment (build
      21.0.8+-14196175-b1038.72)
    [32m•[39m All Android licenses accepted.

[32m[✓][39m Chrome - develop for the web [18ms]
    [32m•[39m Chrome at C:\Program Files\Google\Chrome\Application\chrome.exe

[31m[✗][39m Visual Studio - develop Windows apps [17ms]
    [31m✗[39m Visual Studio not installed; this is necessary to develop Windows
      apps.
      Download at https://visualstudio.microsoft.com/downloads/.
      Please install the "Desktop development with C++" workload,
      including all of its default components

[32m[✓][39m Connected device (3 available) [262ms]
    [32m•[39m Windows (desktop) • windows • windows-x64    • Microsoft Windows
      [Version 10.0.26200.8037]
    [32m•[39m Chrome (web)      • chrome  • web-javascript • Google Chrome
      146.0.7680.80
    [32m•[39m Edge (web)        • edge    • web-javascript • Microsoft Edge
      146.0.3856.59

[32m[✓][39m Network resources [1,417ms]
    [32m•[39m All expected network resources are available.

[33m![39m Doctor found issues in 1 category.
```
